<?xml version="1.0" encoding="UTF-8"?>
<testng-results skipped="0" failed="0" total="3" passed="3">
  <reporter-output>
    <line>
      <![CDATA[Verified the Login Page Title Successfully...!]]>
    </line>
  </reporter-output>
  <suite name="PLCashbook" duration-ms="50143" started-at="2016-03-10T13:38:34Z" finished-at="2016-03-10T13:39:24Z">
    <groups>
    </groups>
    <test name="PLCashbook Results firefox" duration-ms="50143" started-at="2016-03-10T13:38:34Z" finished-at="2016-03-10T13:39:24Z">
      <class name="com.plc.testscripts.PLCTest">
        <test-method status="PASS" signature="beforeClass(java.lang.String)[pri:0, instance:com.plc.testscripts.PLCTest@3cb5cdba]" name="beforeClass" is-config="true" duration-ms="11360" started-at="2016-03-10T19:08:34Z" finished-at="2016-03-10T19:08:45Z">
          <params>
            <param index="0">
              <value>
                <![CDATA[firefox]]>
              </value>
            </param>
          </params>
          <reporter-output>
          </reporter-output>
        </test-method> <!-- beforeClass -->
        <test-method status="PASS" signature="loginToCashbookTest(java.lang.String, java.lang.String)[pri:0, instance:com.plc.testscripts.PLCTest@3cb5cdba]" name="loginToCashbookTest" duration-ms="19580" started-at="2016-03-10T19:08:45Z" data-provider="Authentication" finished-at="2016-03-10T19:09:05Z">
          <params>
            <param index="0">
              <value>
                <![CDATA[vlau.firmuser5@myob.com]]>
              </value>
            </param>
            <param index="1">
              <value>
                <![CDATA[password1]]>
              </value>
            </param>
          </params>
          <reporter-output>
            <line>
              <![CDATA[Verified the Login Page Title Successfully...!]]>
            </line>
          </reporter-output>
        </test-method> <!-- loginToCashbookTest -->
        <test-method status="PASS" signature="getFailedScreenShot(org.testng.ITestResult)[pri:0, instance:com.plc.testscripts.PLCTest@3cb5cdba]" name="getFailedScreenShot" is-config="true" duration-ms="0" started-at="2016-03-10T19:09:05Z" finished-at="2016-03-10T19:09:05Z">
          <params>
            <param index="0">
              <value>
                <![CDATA[[TestResult name=loginToCashbookTest status=SUCCESS method=PLCTest.loginToCashbookTest(java.lang.String, java.lang.String)[pri:0, instance:com.plc.testscripts.PLCTest@3cb5cdba] output=Verified the Login Page Title Successfully...!]]]>
              </value>
            </param>
          </params>
          <reporter-output>
          </reporter-output>
        </test-method> <!-- getFailedScreenShot -->
        <test-method status="PASS" signature="addNewBusinessTest()[pri:0, instance:com.plc.testscripts.PLCTest@3cb5cdba]" name="addNewBusinessTest" duration-ms="13790" started-at="2016-03-10T19:09:05Z" finished-at="2016-03-10T19:09:19Z">
          <reporter-output>
          </reporter-output>
        </test-method> <!-- addNewBusinessTest -->
        <test-method status="PASS" signature="getFailedScreenShot(org.testng.ITestResult)[pri:0, instance:com.plc.testscripts.PLCTest@3cb5cdba]" name="getFailedScreenShot" is-config="true" duration-ms="1" started-at="2016-03-10T19:09:19Z" finished-at="2016-03-10T19:09:19Z">
          <params>
            <param index="0">
              <value>
                <![CDATA[[TestResult name=addNewBusinessTest status=SUCCESS method=PLCTest.addNewBusinessTest()[pri:0, instance:com.plc.testscripts.PLCTest@3cb5cdba] output={null}]]]>
              </value>
            </param>
          </params>
          <reporter-output>
          </reporter-output>
        </test-method> <!-- getFailedScreenShot -->
        <test-method status="PASS" signature="logOutTest()[pri:0, instance:com.plc.testscripts.PLCTest@3cb5cdba]" name="logOutTest" duration-ms="5306" started-at="2016-03-10T19:09:19Z" depends-on-methods="com.plc.testscripts.PLCTest.addNewBusinessTest" finished-at="2016-03-10T19:09:24Z">
          <reporter-output>
          </reporter-output>
        </test-method> <!-- logOutTest -->
        <test-method status="PASS" signature="getFailedScreenShot(org.testng.ITestResult)[pri:0, instance:com.plc.testscripts.PLCTest@3cb5cdba]" name="getFailedScreenShot" is-config="true" duration-ms="0" started-at="2016-03-10T19:09:24Z" finished-at="2016-03-10T19:09:24Z">
          <params>
            <param index="0">
              <value>
                <![CDATA[[TestResult name=logOutTest status=SUCCESS method=PLCTest.logOutTest()[pri:0, instance:com.plc.testscripts.PLCTest@3cb5cdba] output={null}]]]>
              </value>
            </param>
          </params>
          <reporter-output>
          </reporter-output>
        </test-method> <!-- getFailedScreenShot -->
      </class> <!-- com.plc.testscripts.PLCTest -->
    </test> <!-- PLCashbook Results firefox -->
  </suite> <!-- PLCashbook -->
</testng-results>
