<?xml version="1.0" encoding="UTF-8"?>
<testng-results skipped="1" failed="0" total="1" passed="0">
  <reporter-output>
  </reporter-output>
  <suite name="Default suite" duration-ms="587" started-at="2016-05-11T05:16:33Z" finished-at="2016-05-11T05:16:34Z">
    <groups>
    </groups>
    <test name="Default test" duration-ms="587" started-at="2016-05-11T05:16:33Z" finished-at="2016-05-11T05:16:34Z">
      <class name="com.plc.testscripts.PLCTest">
        <test-method status="FAIL" signature="beforeClass(java.lang.String)[pri:0, instance:com.plc.testscripts.PLCTest@7bb58ca3]" name="beforeClass" is-config="true" duration-ms="0" started-at="2016-05-11T10:46:33Z" finished-at="2016-05-11T10:46:33Z">
          <exception class="org.testng.TestNGException">
            <message>
              <![CDATA[
Parameter 'browser' is required by @Configuration on method beforeClass but has not been marked @Optional or defined
in C:\Users\SUMANTA\AppData\Local\Temp\testng-eclipse--1625369340\testng-customsuite.xml]]>
            </message>
            <full-stacktrace>
              <![CDATA[org.testng.TestNGException: 
Parameter 'browser' is required by @Configuration on method beforeClass but has not been marked @Optional or defined
in C:\Users\SUMANTA\AppData\Local\Temp\testng-eclipse--1625369340\testng-customsuite.xml
	at org.testng.internal.Parameters.createParameters(Parameters.java:155)
	at org.testng.internal.Parameters.createParameters(Parameters.java:358)
	at org.testng.internal.Parameters.createConfigurationParameters(Parameters.java:86)
	at org.testng.internal.Invoker.invokeConfigurations(Invoker.java:199)
	at org.testng.internal.Invoker.invokeConfigurations(Invoker.java:138)
	at org.testng.TestRunner.beforeRun(TestRunner.java:641)
	at org.testng.TestRunner.run(TestRunner.java:609)
	at org.testng.SuiteRunner.runTest(SuiteRunner.java:348)
	at org.testng.SuiteRunner.runSequentially(SuiteRunner.java:343)
	at org.testng.SuiteRunner.privateRun(SuiteRunner.java:305)
	at org.testng.SuiteRunner.run(SuiteRunner.java:254)
	at org.testng.SuiteRunnerWorker.runSuite(SuiteRunnerWorker.java:52)
	at org.testng.SuiteRunnerWorker.run(SuiteRunnerWorker.java:86)
	at org.testng.TestNG.runSuitesSequentially(TestNG.java:1224)
	at org.testng.TestNG.runSuitesLocally(TestNG.java:1149)
	at org.testng.TestNG.run(TestNG.java:1057)
	at org.testng.remote.RemoteTestNG.run(RemoteTestNG.java:111)
	at org.testng.remote.RemoteTestNG.initAndRun(RemoteTestNG.java:204)
	at org.testng.remote.RemoteTestNG.main(RemoteTestNG.java:175)
]]>
            </full-stacktrace>
          </exception> <!-- org.testng.TestNGException -->
          <reporter-output>
          </reporter-output>
        </test-method> <!-- beforeClass -->
        <test-method status="SKIP" signature="journalLineEntryTest(java.lang.String, java.lang.String, java.lang.String, java.lang.String)[pri:0, instance:com.plc.testscripts.PLCTest@7bb58ca3]" name="journalLineEntryTest" duration-ms="7" started-at="2016-05-11T10:46:34Z" data-provider="Transcations" finished-at="2016-05-11T10:46:34Z">
          <params>
            <param index="0">
              <value>
                <![CDATA[Test 30]]>
              </value>
            </param>
            <param index="1">
              <value>
                <![CDATA[Desc 30]]>
              </value>
            </param>
            <param index="2">
              <value>
                <![CDATA[3000]]>
              </value>
            </param>
            <param index="3">
              <value>
                <![CDATA[Desc 31]]>
              </value>
            </param>
          </params>
          <reporter-output>
          </reporter-output>
        </test-method> <!-- journalLineEntryTest -->
        <test-method status="SKIP" signature="getFailedScreenShot(org.testng.ITestResult)[pri:0, instance:com.plc.testscripts.PLCTest@7bb58ca3]" name="getFailedScreenShot" is-config="true" duration-ms="0" started-at="2016-05-11T10:46:34Z" finished-at="2016-05-11T10:46:34Z">
          <reporter-output>
          </reporter-output>
        </test-method> <!-- getFailedScreenShot -->
      </class> <!-- com.plc.testscripts.PLCTest -->
    </test> <!-- Default test -->
  </suite> <!-- Default suite -->
</testng-results>
