<?xml version="1.0" encoding="UTF-8"?>
<!-- Generated by org.testng.reporters.JUnitXMLReporter -->
<testsuite hostname="SUMANTA" name="PLCashbook Results firefox" tests="3" failures="0" timestamp="27 Apr 2016 18:18:32 GMT" time="125.577" errors="0">
  <testcase name="loginToCashbookTest" time="69.473" classname="com.plc.testscripts.PLCTest"/>
  <testcase name="searchLedgerTest" time="1.82" classname="com.plc.testscripts.PLCTest"/>
  <testcase name="logOutTest" time="24.519" classname="com.plc.testscripts.PLCTest"/>
</testsuite> <!-- PLCashbook Results firefox -->
