<?xml version="1.0" encoding="UTF-8"?>
<!-- Generated by org.testng.reporters.JUnitXMLReporter -->
<testsuite hostname="B1403F2D" name="PLCashbook Results firefox" tests="3" failures="0" timestamp="10 Mar 2016 13:39:24 GMT" time="50.143" errors="0">
  <testcase name="loginToCashbookTest" time="19.58" classname="com.plc.testscripts.PLCTest"/>
  <testcase name="addNewBusinessTest" time="13.79" classname="com.plc.testscripts.PLCTest"/>
  <testcase name="logOutTest" time="5.306" classname="com.plc.testscripts.PLCTest"/>
</testsuite> <!-- PLCashbook Results firefox -->
